<?xml version="1.0" encoding="UTF-8"?>
<!-- Generated by org.testng.reporters.JUnitReportReporter -->
<testsuite skipped="0" hostname="ATMECSINLT-085" name="com.atmecs.atmecs_automation.testscripts.TestVerifyBlogs" tests="1" failures="0" timestamp="18 Oct 2019 14:15:23 GMT" time="1.855" errors="0">
  <testcase name="verifyBlogsAndComments" time="1.855" classname="com.atmecs.atmecs_automation.testscripts.TestVerifyBlogs"/>
</testsuite> <!-- com.atmecs.atmecs_automation.testscripts.TestVerifyBlogs -->
